//=======================================================================
//			Copyright XashXT Group 2007 ©
//			list with backup directories
//=======================================================================

// global stuff
sing.sln
backup.lst
backup.bat
make_sdk.bat
sing_sdk.lst
sing_sdk.sln

cl_dll\
cl_dll\hl\
common\
dlls\
dlls\wpn_shared
game_shared\
game_launch\
dmc\
engine\
engine\client\
engine\client\vgui\
engine\server\
engine\common\
engine\common\imagelib\
engine\common\soundlib\
pm_shared\
mainui\
mainui\legacy
utils\
utils\vgui\
utils\vgui\include\
utils\vgui\lib\win32_vc6\